#
# A fatal error has been detected by the Java Runtime Environment:
#
#  EXCEPTION_ACCESS_VIOLATION (0xc0000005) at pc=0x000000006e734b9b, pid=22776, tid=22868
#
# JRE version: Java(TM) SE Runtime Environment (7.0_80-b15) (build 1.7.0_80-b15)
# Java VM: Java HotSpot(TM) 64-Bit Server VM (24.80-b11 mixed mode windows-amd64 compressed oops)
# Problematic frame:
# V  [jvm.dll+0x144b9b]
#
# Failed to write core dump. Minidumps are not enabled by default on client versions of Windows
#
# If you would like to submit a bug report, please visit:
#   http://bugreport.java.com/bugreport/crash.jsp
#

---------------  T H R E A D  ---------------

Current thread (0x00000000085d9800):  JavaThread "JDWP Transport Listener: dt_socket" daemon [_thread_in_vm, id=22868, stack(0x000000000a610000,0x000000000a710000)]

siginfo: ExceptionCode=0xc0000005, reading address 0x00003b3e3b6d6100

Registers:
RAX=0x000000000a70f901, RBX=0x00000000085d9800, RCX=0x00003b3e3b6d6100, RDX=0x0000000000000000
RSP=0x000000000a70f920, RBP=0x00003b3e3b6d6100, RSI=0x000000000a70fa38, RDI=0x0000000000159520
R8 =0x00000000085d9800, R9 =0x0000000000000700, R10=0x0000000000000000, R11=0x0000064000330017
R12=0x0000000000000000, R13=0x00000000085c8c98, R14=0x0000000000000000, R15=0x0000000000000000
RIP=0x000000006e734b9b, EFLAGS=0x0000000000010206

Top of Stack: (sp=0x000000000a70f920)
0x000000000a70f920:   00000000085d9800 000000000000000a
0x000000000a70f930:   000000000a70f9e8 000000006e8d77d9
0x000000000a70f940:   00000000085d9800 000000006e8f5382
0x000000000a70f950:   0000000000000000 000000005f4b8e8d
0x000000000a70f960:   0000000008582ec0 000000005f4c2666
0x000000000a70f970:   00000000085d9800 0000000000000000
0x000000000a70f980:   0000000000000000 0000000000000000
0x000000000a70f990:   00003b3e3b6d6100 000000005f4c175d
0x000000000a70f9a0:   000000000a70fa38 000000000a70fa10
0x000000000a70f9b0:   0000000000000001 0000000008582ec0
0x000000000a70f9c0:   00003b3e3b6d6100 000000005f4a53b3
0x000000000a70f9d0:   000000000a70fb00 0000000000000001
0x000000000a70f9e0:   0000000000000001 0000000008582ec0
0x000000000a70f9f0:   000000000000000a 0000000000000000
0x000000000a70fa00:   0000000000000000 0000000000000000
0x000000000a70fa10:   0000000000000001 000000005f4a5571 

Instructions: (pc=0x000000006e734b9b)
0x000000006e734b7b:   48 8b 5c 24 30 48 89 47 18 48 83 c4 20 5f c3 cc
0x000000006e734b8b:   cc cc cc cc cc 40 53 48 83 ec 20 48 85 c9 74 54
0x000000006e734b9b:   48 8b 19 48 85 db 74 4c 48 b8 fe fe fe fe fe fe
0x000000006e734bab:   fe fe 48 3b d8 74 3d 80 3d 57 56 61 00 00 74 15 


Register to memory mapping:

RAX=0x000000000a70f901 is pointing into the stack for thread: 0x00000000085d9800
RBX=0x00000000085d9800 is a thread
RCX=0x00003b3e3b6d6100 is an unknown value
RDX=0x0000000000000000 is an unknown value
RSP=0x000000000a70f920 is pointing into the stack for thread: 0x00000000085d9800
RBP=0x00003b3e3b6d6100 is an unknown value
RSI=0x000000000a70fa38 is pointing into the stack for thread: 0x00000000085d9800
RDI=0x0000000000159520 is an unknown value
R8 =0x00000000085d9800 is a thread
R9 =0x0000000000000700 is an unknown value
R10=0x0000000000000000 is an unknown value
R11=0x0000064000330017 is an unknown value
R12=0x0000000000000000 is an unknown value
R13=0x00000000085c8c98 is an unknown value
R14=0x0000000000000000 is an unknown value
R15=0x0000000000000000 is an unknown value


Stack: [0x000000000a610000,0x000000000a710000],  sp=0x000000000a70f920,  free space=1022k
Native frames: (J=compiled Java code, j=interpreted, Vv=VM code, C=native code)
V  [jvm.dll+0x144b9b]

[error occurred during error reporting (printing native stack), id 0xc0000005]


---------------  P R O C E S S  ---------------

Java Threads: ( => current thread )
  0x0000000009b6e000 JavaThread "Service Thread" daemon [_thread_blocked, id=22904, stack(0x000000000ab20000,0x000000000ac20000)]
  0x0000000009b6a800 JavaThread "C2 CompilerThread1" daemon [_thread_blocked, id=22900, stack(0x000000000a970000,0x000000000aa70000)]
  0x0000000009b65800 JavaThread "C2 CompilerThread0" daemon [_thread_blocked, id=22896, stack(0x000000000a360000,0x000000000a460000)]
  0x0000000009b59000 JavaThread "JDWP Command Reader" daemon [_thread_in_native, id=22876, stack(0x000000000a500000,0x000000000a600000)]
  0x0000000009b57800 JavaThread "JDWP Event Helper Thread" daemon [_thread_blocked, id=22872, stack(0x000000000a800000,0x000000000a900000)]
=>0x00000000085d9800 JavaThread "JDWP Transport Listener: dt_socket" daemon [_thread_in_vm, id=22868, stack(0x000000000a610000,0x000000000a710000)]
  0x00000000085cc000 JavaThread "Attach Listener" daemon [_thread_blocked, id=22856, stack(0x0000000009930000,0x0000000009a30000)]
  0x00000000085c7800 JavaThread "Signal Dispatcher" daemon [_thread_blocked, id=22852, stack(0x0000000009a50000,0x0000000009b50000)]
  0x000000000856a800 JavaThread "Finalizer" daemon [_thread_blocked, id=22844, stack(0x0000000009550000,0x0000000009650000)]
  0x0000000008563800 JavaThread "Reference Handler" daemon [_thread_blocked, id=22840, stack(0x00000000097a0000,0x00000000098a0000)]
  0x0000000001e5b800 JavaThread "main" [_thread_blocked, id=22816, stack(0x00000000022e0000,0x00000000023e0000)]

Other Threads:
  0x0000000008560000 VMThread [stack: 0x0000000009650000,0x0000000009750000] [id=22836]
  0x0000000009bba800 WatcherThread [stack: 0x000000000acd0000,0x000000000add0000] [id=22908]

VM state:not at safepoint (normal execution)

VM Mutex/Monitor currently owned by a thread: None

Heap
 PSYoungGen      total 17920K, used 13316K [0x00000000ec600000, 0x00000000eda00000, 0x0000000100000000)
  eden space 15360K, 70% used [0x00000000ec600000,0x00000000ed081330,0x00000000ed500000)
  from space 2560K, 100% used [0x00000000ed500000,0x00000000ed780000,0x00000000ed780000)
  to   space 2560K, 0% used [0x00000000ed780000,0x00000000ed780000,0x00000000eda00000)
 ParOldGen       total 39936K, used 1255K [0x00000000c5200000, 0x00000000c7900000, 0x00000000ec600000)
  object space 39936K, 3% used [0x00000000c5200000,0x00000000c5339c18,0x00000000c7900000)
 PSPermGen       total 21504K, used 8263K [0x00000000c0000000, 0x00000000c1500000, 0x00000000c5200000)
  object space 21504K, 38% used [0x00000000c0000000,0x00000000c0811d58,0x00000000c1500000)

Card table byte_map: [0x0000000005850000,0x0000000005a60000] byte_map_base: 0x0000000005250000

Polling page: 0x0000000000120000

Code Cache  [0x0000000002790000, 0x0000000002a00000, 0x0000000005790000)
 total_blobs=356 nmethods=108 adapters=210 free_code_cache=48508Kb largest_free_block=49647936

Compilation events (10 events):
Event: 86.959 Thread 0x0000000009b6a800  104             java.lang.String::indexOf (7 bytes)
Event: 86.961 Thread 0x0000000009b6a800 nmethod 104 0x0000000002833690 code [0x00000000028337e0, 0x0000000002833978]
Event: 86.992 Thread 0x0000000009b65800  105             java.nio.charset.CharsetEncoder::reset (11 bytes)
Event: 86.992 Thread 0x0000000009b65800 nmethod 105 0x0000000002829250 code [0x0000000002829380, 0x00000000028293d8]
Event: 86.992 Thread 0x0000000009b65800  106             java.nio.charset.CharsetEncoder::implReset (1 bytes)
Event: 86.992 Thread 0x0000000009b65800 nmethod 106 0x0000000002833490 code [0x00000000028335c0, 0x0000000002833618]
Event: 87.204 Thread 0x0000000009b65800  107             java.util.Arrays::copyOf (19 bytes)
Event: 87.206 Thread 0x0000000009b65800 nmethod 107 0x00000000028317d0 code [0x0000000002831920, 0x0000000002831ab8]
Event: 87.214 Thread 0x0000000009b6a800  108             sun.misc.MetaIndex::mayContain (51 bytes)
Event: 87.225 Thread 0x0000000009b6a800 nmethod 108 0x0000000002832a10 code [0x0000000002832b60, 0x0000000002833018]

GC Heap History (2 events):
Event: 77.551 GC heap before
{Heap before GC invocations=1 (full 0):
 PSYoungGen      total 17920K, used 15360K [0x00000000ec600000, 0x00000000eda00000, 0x0000000100000000)
  eden space 15360K, 100% used [0x00000000ec600000,0x00000000ed500000,0x00000000ed500000)
  from space 2560K, 0% used [0x00000000ed780000,0x00000000ed780000,0x00000000eda00000)
  to   space 2560K, 0% used [0x00000000ed500000,0x00000000ed500000,0x00000000ed780000)
 ParOldGen       total 39936K, used 0K [0x00000000c5200000, 0x00000000c7900000, 0x00000000ec600000)
  object space 39936K, 0% used [0x00000000c5200000,0x00000000c5200000,0x00000000c7900000)
 PSPermGen       total 21504K, used 6637K [0x00000000c0000000, 0x00000000c1500000, 0x00000000c5200000)
  object space 21504K, 30% used [0x00000000c0000000,0x00000000c067b588,0x00000000c1500000)
Event: 77.559 GC heap after
Heap after GC invocations=1 (full 0):
 PSYoungGen      total 17920K, used 2560K [0x00000000ec600000, 0x00000000eda00000, 0x0000000100000000)
  eden space 15360K, 0% used [0x00000000ec600000,0x00000000ec600000,0x00000000ed500000)
  from space 2560K, 100% used [0x00000000ed500000,0x00000000ed780000,0x00000000ed780000)
  to   space 2560K, 0% used [0x00000000ed780000,0x00000000ed780000,0x00000000eda00000)
 ParOldGen       total 39936K, used 1255K [0x00000000c5200000, 0x00000000c7900000, 0x00000000ec600000)
  object space 39936K, 3% used [0x00000000c5200000,0x00000000c5339c18,0x00000000c7900000)
 PSPermGen       total 21504K, used 6637K [0x00000000c0000000, 0x00000000c1500000, 0x00000000c5200000)
  object space 21504K, 30% used [0x00000000c0000000,0x00000000c067b588,0x00000000c1500000)
}

Deoptimization events (2 events):
Event: 1.452 Thread 0x0000000001e5b800 Uncommon trap: reason=unstable_if action=reinterpret pc=0x00000000027ee42c method=java.lang.String.hashCode()I @ 14
Event: 1.704 Thread 0x0000000001e5b800 Uncommon trap: reason=unstable_if action=reinterpret pc=0x00000000027ef464 method=java.lang.String.indexOf([CII[CIII)I @ 3

Internal exceptions (10 events):
Event: 87.473 Thread 0x0000000001e5b800 Threw 0x00000000ecfc6318 at C:\re\jdk7u80\2329\hotspot\src\share\vm\prims\jvm.cpp:1319
Event: 87.476 Thread 0x0000000001e5b800 Threw 0x00000000ecfcdec8 at C:\re\jdk7u80\2329\hotspot\src\share\vm\prims\jvm.cpp:1319
Event: 87.480 Thread 0x0000000001e5b800 Threw 0x00000000ecfd8288 at C:\re\jdk7u80\2329\hotspot\src\share\vm\prims\jvm.cpp:1319
Event: 87.482 Thread 0x0000000001e5b800 Threw 0x00000000ecfe2b18 at C:\re\jdk7u80\2329\hotspot\src\share\vm\prims\jvm.cpp:1319
Event: 87.484 Thread 0x0000000001e5b800 Threw 0x00000000ecfec808 at C:\re\jdk7u80\2329\hotspot\src\share\vm\prims\jvm.cpp:1319
Event: 87.485 Thread 0x0000000001e5b800 Threw 0x00000000ecff2bc8 at C:\re\jdk7u80\2329\hotspot\src\share\vm\prims\jvm.cpp:1319
Event: 87.489 Thread 0x0000000001e5b800 Threw 0x00000000ecffa3a8 at C:\re\jdk7u80\2329\hotspot\src\share\vm\prims\jvm.cpp:1319
Event: 87.492 Thread 0x0000000001e5b800 Threw 0x00000000ed003950 at C:\re\jdk7u80\2329\hotspot\src\share\vm\prims\jvm.cpp:1319
Event: 87.494 Thread 0x0000000001e5b800 Threw 0x00000000ed00dbf0 at C:\re\jdk7u80\2329\hotspot\src\share\vm\prims\jvm.cpp:1319
Event: 87.496 Thread 0x0000000001e5b800 Threw 0x00000000ed017f40 at C:\re\jdk7u80\2329\hotspot\src\share\vm\prims\jvm.cpp:1319

Events (10 events):
Event: 1804.166 Executing VM operation: GetCurrentLocation
Event: 1804.167 Executing VM operation: GetCurrentLocation done
Event: 1804.167 Executing VM operation: EnterInterpOnlyMode
Event: 1804.167 Executing VM operation: EnterInterpOnlyMode done
Event: 1804.167 Executing VM operation: ChangeSingleStep
Event: 1804.167 Executing VM operation: ChangeSingleStep done
Event: 1804.167 Executing VM operation: ChangeSingleStep
Event: 1804.167 Executing VM operation: ChangeSingleStep done
Event: 1804.178 Executing VM operation: RedefineClasses
Event: 1804.180 Executing VM operation: RedefineClasses done


Dynamic libraries:
0x000000013f540000 - 0x000000013f573000 	C:\Program Files\Java\jre7\bin\javaw.exe
0x0000000076d10000 - 0x0000000076eba000 	C:\WINDOWS\SYSTEM32\ntdll.dll
0x0000000076af0000 - 0x0000000076c0f000 	C:\WINDOWS\system32\kernel32.dll
0x000007fefca60000 - 0x000007fefcaca000 	C:\WINDOWS\system32\KERNELBASE.dll
0x000007fefd500000 - 0x000007fefd5db000 	C:\WINDOWS\system32\ADVAPI32.dll
0x000007fefd2f0000 - 0x000007fefd38f000 	C:\WINDOWS\system32\msvcrt.dll
0x000007fefd390000 - 0x000007fefd3af000 	C:\WINDOWS\SYSTEM32\sechost.dll
0x000007fefd5e0000 - 0x000007fefd70d000 	C:\WINDOWS\system32\RPCRT4.dll
0x0000000076c10000 - 0x0000000076d0a000 	C:\WINDOWS\system32\USER32.dll
0x000007fefd820000 - 0x000007fefd887000 	C:\WINDOWS\system32\GDI32.dll
0x000007fefde00000 - 0x000007fefde0e000 	C:\WINDOWS\system32\LPK.dll
0x000007fefd430000 - 0x000007fefd4fa000 	C:\WINDOWS\system32\USP10.dll
0x000007fefb3e0000 - 0x000007fefb5d4000 	C:\WINDOWS\WinSxS\amd64_microsoft.windows.common-controls_6595b64144ccf1df_6.0.7601.18837_none_fa3b1e3d17594757\COMCTL32.dll
0x000007fefd3b0000 - 0x000007fefd421000 	C:\WINDOWS\system32\SHLWAPI.dll
0x000007fefdb00000 - 0x000007fefdb2e000 	C:\WINDOWS\system32\IMM32.DLL
0x000007fefd710000 - 0x000007fefd819000 	C:\WINDOWS\system32\MSCTF.dll
0x00000000746e0000 - 0x000000007477d000 	C:\WINDOWS\system32\lsihok64.dll
0x0000000078e50000 - 0x0000000078f22000 	C:\Program Files\Java\jre7\bin\msvcr100.dll
0x000000006e5f0000 - 0x000000006edc9000 	C:\Program Files\Java\jre7\bin\server\jvm.dll
0x000007fef5c60000 - 0x000007fef5c69000 	C:\WINDOWS\system32\WSOCK32.dll
0x000007fefda20000 - 0x000007fefda6d000 	C:\WINDOWS\system32\WS2_32.dll
0x000007fefda70000 - 0x000007fefda78000 	C:\WINDOWS\system32\NSI.dll
0x000007fefab10000 - 0x000007fefab4b000 	C:\WINDOWS\system32\WINMM.dll
0x0000000076ee0000 - 0x0000000076ee7000 	C:\WINDOWS\system32\PSAPI.DLL
0x000000005fc90000 - 0x000000005fc9f000 	C:\Program Files\Java\jre7\bin\verify.dll
0x000000005f4e0000 - 0x000000005f508000 	C:\Program Files\Java\jre7\bin\java.dll
0x000000005f4a0000 - 0x000000005f4d5000 	C:\Program Files\Java\jre7\bin\jdwp.dll
0x0000000071310000 - 0x0000000071318000 	C:\Program Files\Java\jre7\bin\npt.dll
0x000000005f480000 - 0x000000005f496000 	C:\Program Files\Java\jre7\bin\zip.dll
0x000000005f470000 - 0x000000005f479000 	C:\Program Files\Java\jre7\bin\dt_socket.dll
0x000007fefa720000 - 0x000007fefa735000 	C:\WINDOWS\system32\NLAapi.dll
0x000007fef9610000 - 0x000007fef9625000 	C:\WINDOWS\system32\napinsp.dll
0x000007fef9630000 - 0x000007fef9649000 	C:\WINDOWS\system32\pnrpnsp.dll
0x000007fefc180000 - 0x000007fefc1d5000 	C:\WINDOWS\System32\mswsock.dll
0x000007fefc000000 - 0x000007fefc05b000 	C:\WINDOWS\system32\DNSAPI.dll
0x000007fef9600000 - 0x000007fef960b000 	C:\WINDOWS\System32\winrnr.dll
0x000007fefa560000 - 0x000007fefa587000 	C:\WINDOWS\system32\IPHLPAPI.DLL
0x000007fefa550000 - 0x000007fefa55b000 	C:\WINDOWS\system32\WINNSI.DLL
0x000007fefa410000 - 0x000007fefa463000 	C:\WINDOWS\System32\fwpuclnt.dll
0x000007fef9920000 - 0x000007fef9928000 	C:\WINDOWS\system32\rasadhlp.dll
0x000007fefb8b0000 - 0x000007fefb8b7000 	C:\WINDOWS\System32\wshtcpip.dll
0x000000005f450000 - 0x000000005f46a000 	C:\Program Files\Java\jre7\bin\net.dll
0x000007fefc170000 - 0x000007fefc177000 	C:\WINDOWS\System32\wship6.dll
0x000000005b440000 - 0x000000005b464000 	C:\Program Files\Java\jre7\bin\sunec.dll
0x000000005f440000 - 0x000000005f44b000 	C:\Program Files\Java\jre7\bin\sunmscapi.dll
0x000007fefcb20000 - 0x000007fefcc8d000 	C:\WINDOWS\system32\CRYPT32.dll
0x000007fefca00000 - 0x000007fefca0f000 	C:\WINDOWS\system32\MSASN1.dll
0x000007fefc1e0000 - 0x000007fefc1f8000 	C:\WINDOWS\system32\CRYPTSP.dll
0x000007fefbee0000 - 0x000007fefbf27000 	C:\WINDOWS\system32\rsaenh.dll
0x000007fefcd80000 - 0x000007fefcd9e000 	C:\WINDOWS\system32\USERENV.dll
0x000007fefca10000 - 0x000007fefca1f000 	C:\WINDOWS\system32\profapi.dll
0x000007fefc890000 - 0x000007fefc89f000 	C:\WINDOWS\system32\CRYPTBASE.dll
0x000007fefa3e0000 - 0x000007fefa3f1000 	C:\WINDOWS\system32\dhcpcsvc6.DLL
0x000007fefa3c0000 - 0x000007fefa3d8000 	C:\WINDOWS\system32\dhcpcsvc.DLL
0x0000000001d20000 - 0x0000000001d31000 	C:\Program Files\Java\jre7\bin\nio.dll
0x000007fef1870000 - 0x000007fef1995000 	C:\WINDOWS\system32\dbghelp.dll

VM Arguments:
jvm_args: -agentlib:jdwp=transport=dt_socket,suspend=y,address=localhost:1675 -Dfile.encoding=Cp1255 
java_command: oz.temp.httpclient.HttpClientUtils
Launcher Type: SUN_STANDARD

Environment Variables:
CLASSPATH=.;C:\PROGRA~1\IBM\SQLLIB\java\db2java.zip;C:\PROGRA~1\IBM\SQLLIB\java\db2jcc.jar;C:\PROGRA~1\IBM\SQLLIB\java\sqlj.zip;C:\PROGRA~1\IBM\SQLLIB\java\db2jcc_license_cu.jar;C:\PROGRA~1\IBM\SQLLIB\bin;C:\PROGRA~1\IBM\SQLLIB\java\common.jar;C:\Program Files (x86)\IBM\CICS Transaction Gateway\classes\ctgclient.jar;C:\Program Files (x86)\IBM\CICS Transaction Gateway\classes\ctgserver.jar;C:\Program Files (x86)\IBM\CICS Transaction Gateway\classes\ctgsamples.jar;C:\Program Files (x86)\Altova\xmlspy\XMLSpyInterface.jar
PATH=C:/Program Files/Java/jre1.8.0_144/bin/server;C:/Program Files/Java/jre1.8.0_144/bin;C:/Program Files/Java/jre1.8.0_144/lib/amd64;C:\ProgramData\Oracle\Java\javapath;C:\Program Files (x86)\IBM\RationalSDLC\common;C:\Python27\;C:\Python27\Scripts;C:\IBM\9.1\InformationServer\ASBNode\apps\jre\bin\classic;C:\IBM\9.1\InformationServer\ASBNode\lib\cpp;C:\IBM\9.1\InformationServer\ASBNode\apps\proxy\cpp\vc60\MT_dll\bin;C:\Oracle\product\11.2.0\client_64bit\bin;C:\Program Files (x86)\MKS Toolkit\mksnt;C:\PROGRA~2\MKSTOO~1\bin64;C:\PROGRA~2\MKSTOO~1\bin;C:\PROGRA~2\MKSTOO~1\bin\X11;C:\PROGRA~2\MKSTOO~1\mksnt;C:\IBM\8.5\InformationServer\ASBNode\apps\jre\bin\classic;C:\IBM\8.5\InformationServer\ASBNode\lib\cpp;C:\IBM\8.5\InformationServer\ASBNode\apps\proxy\cpp\vc60\MT_dll\bin;C:\Program Files (x86)\AMD APP\bin\x86_64;C:\Program Files (x86)\AMD APP\bin\x86;C:\WINDOWS\system32;C:\WINDOWS;C:\WINDOWS\System32\Wbem;C:\WINDOWS\System32\WindowsPowerShell\v1.0\;C:\Program Files\Autofont\FreeForm Runtime;C:\Program Files\Autofont\FreeForm Runtime Services;C:\PROGRA~1\IBM\SQLLIB\BIN;C:\PROGRA~1\IBM\SQLLIB\FUNCTION;C:\PROGRA~1\IBM\SQLLIB\SAMPLES\REPL;C:\Program Files\Microsoft SQL Server\120\Tools\Binn\;C:\WINDOWS\System32\WindowsPowerShell\v1.0\;C:\Program Files (x86)\IBM\Personal Communications\;C:\Program Files (x86)\IBM\Trace Facility\;C:\Program Files (x86)\IBM\CICS Transaction Gateway\bin;C:\Program Files (x86)\Enterprise Vault\EVClient\;C:\Program Files (x86)\IBM\RationalSDLC\ClearCase\bin;C:\Program Files (x86)\IBM\gsk8\lib;C:\Program Files (x86)\IBM\gsk8\bin;C:\Program Files (x86)\IBM\RationalSDLC\ClearCase\RemoteClient\cteapis;C:\Program Files (x86)\PuTTY\;C:\Users\s177571\AppData\Roaming\Python\Scripts;C:\Users\s177571\AppData\Local\Programs\Fiddler;C:\oj\eclipse;
USERNAME=s177571
SHELL=C:/PROGRA~2/MKSTOO~1/mksnt/sh.exe
DISPLAY=:0.0
OS=Windows_NT
PROCESSOR_IDENTIFIER=Intel64 Family 6 Model 37 Stepping 2, GenuineIntel



---------------  S Y S T E M  ---------------

OS: Windows 7 , 64 bit Build 7601 Service Pack 1

CPU:total 4 (2 cores per cpu, 2 threads per core) family 6 model 37 stepping 2, cmov, cx8, fxsr, mmx, sse, sse2, sse3, ssse3, sse4.1, sse4.2, popcnt, ht, tsc, tscinvbit

Memory: 4k page, physical 3856760k(881592k free), swap 7711660k(2935432k free)

vm_info: Java HotSpot(TM) 64-Bit Server VM (24.80-b11) for windows-amd64 JRE (1.7.0_80-b15), built on Apr 10 2015 11:26:34 by "java_re" with unknown MS VC++:1600

time: Wed Aug 30 11:18:02 2017
elapsed time: 1804 seconds

